[ 2014-11-26T09:24:04+08:00 ] ::1 /tk-xm/usaedu/admin.php/
INFO: [ app_init ] --START--
INFO: Run Behavior\BuildLiteBehavior [ RunTime:0.000021s ]
INFO: [ app_init ] --END-- [ RunTime:0.000363s ]
INFO: [ app_begin ] --START--
INFO: Run Behavior\ReadHtmlCacheBehavior [ RunTime:0.000388s ]
INFO: [ app_begin ] --END-- [ RunTime:0.000495s ]
INFO: [ view_parse ] --START--
INFO: [ template_filter ] --START--
INFO: Run Behavior\ContentReplaceBehavior [ RunTime:0.000183s ]
INFO: [ template_filter ] --END-- [ RunTime:0.000286s ]
NOTIC: [8] Undefined variable: meta_title H:\www\tk-xm\usaedu\Apps\Runtime\Cache\Admin\859e94050170c96367cb52465a51a945.php 第 5 行.
INFO: Run Behavior\ParseTemplateBehavior [ RunTime:0.057369s ]
INFO: [ view_parse ] --END-- [ RunTime:0.057465s ]
INFO: [ view_filter ] --START--
INFO: Run Behavior\WriteHtmlCacheBehavior [ RunTime:0.001084s ]
INFO: [ view_filter ] --END-- [ RunTime:0.001166s ]
INFO: [ app_end ] --START--
INFO: Run Behavior\ShowPageTraceBehavior [ RunTime:0.009541s ]
INFO: [ app_end ] --END-- [ RunTime:0.009668s ]

[ 2014-11-26T09:24:07+08:00 ] ::1 /tk-xm/usaedu/admin.php/User/groupList.html
INFO: [ app_init ] --START--
INFO: Run Behavior\BuildLiteBehavior [ RunTime:0.000019s ]
INFO: [ app_init ] --END-- [ RunTime:0.000324s ]
INFO: [ app_begin ] --START--
INFO: Run Behavior\ReadHtmlCacheBehavior [ RunTime:0.000339s ]
INFO: [ app_begin ] --END-- [ RunTime:0.000439s ]
SQL: DESCRIBE tp_auth_group [ RunTime:0.044343s ]
SQL: SELECT COUNT(*) AS tp_count FROM `tp_auth_group` LIMIT 1   [ RunTime:0.008392s ]
SQL: SELECT * FROM `tp_auth_group` ORDER BY id asc LIMIT 0,10   [ RunTime:0.002531s ]
SQL: DESCRIBE tp_auth_rule [ RunTime:0.008504s ]
SQL: SELECT * FROM `tp_auth_rule` WHERE `id` IN ('3','4','5','6','8','9','11','12','13','14','15','16','1','2','7','10','17','18','19','20')  [ RunTime:0.010918s ]
SQL: SELECT * FROM `tp_auth_rule` WHERE `id` IN ('')  [ RunTime:0.004799s ]
INFO: [ view_parse ] --START--
INFO: [ template_filter ] --START--
INFO: Run Behavior\ContentReplaceBehavior [ RunTime:0.000158s ]
INFO: [ template_filter ] --END-- [ RunTime:0.000247s ]
NOTIC: [8] Undefined variable: meta_title H:\www\tk-xm\usaedu\Apps\Runtime\Cache\Admin\73f28b713f4988eb005abdaee005aea3.php 第 5 行.
NOTIC: [8] Use of undefined constant status - assumed 'status' H:\www\tk-xm\usaedu\Apps\Runtime\Cache\Admin\73f28b713f4988eb005abdaee005aea3.php 第 307 行.
NOTIC: [8] Use of undefined constant status - assumed 'status' H:\www\tk-xm\usaedu\Apps\Runtime\Cache\Admin\73f28b713f4988eb005abdaee005aea3.php 第 307 行.
INFO: Run Behavior\ParseTemplateBehavior [ RunTime:0.012646s ]
INFO: [ view_parse ] --END-- [ RunTime:0.012737s ]
INFO: [ view_filter ] --START--
INFO: Run Behavior\WriteHtmlCacheBehavior [ RunTime:0.000270s ]
INFO: [ view_filter ] --END-- [ RunTime:0.000353s ]
INFO: [ app_end ] --START--
INFO: Run Behavior\ShowPageTraceBehavior [ RunTime:0.000379s ]
INFO: [ app_end ] --END-- [ RunTime:0.000469s ]

[ 2014-11-26T09:24:09+08:00 ] ::1 /tk-xm/usaedu/admin.php/User/index.html
INFO: [ app_init ] --START--
INFO: Run Behavior\BuildLiteBehavior [ RunTime:0.000022s ]
INFO: [ app_init ] --END-- [ RunTime:0.000384s ]
INFO: [ app_begin ] --START--
INFO: Run Behavior\ReadHtmlCacheBehavior [ RunTime:0.000343s ]
INFO: [ app_begin ] --END-- [ RunTime:0.000450s ]
SQL: DESCRIBE tp_user [ RunTime:0.004459s ]
SQL: SELECT `id`,`username`,`login_time`,`login_ip`,`lock`,`login_num`,`rsgtime` FROM `tp_user`  [ RunTime:0.000258s ]
SQL: DESCRIBE tp_auth_group [ RunTime:0.002084s ]
NOTIC: [8] Undefined index: mapping_order H:\www\tk-xm\usaedu\ThinkPHP\Library\Think\Model\RelationModel.class.php 第 186 行.
NOTIC: [8] Undefined index: mapping_limit H:\www\tk-xm\usaedu\ThinkPHP\Library\Think\Model\RelationModel.class.php 第 187 行.
SQL: SELECT b.* FROM tp_auth_group_access AS a, tp_auth_group AS b WHERE a.group_id = b.id AND a. uid='1' [ RunTime:0.001966s ]
NOTIC: [8] Undefined index: mapping_order H:\www\tk-xm\usaedu\ThinkPHP\Library\Think\Model\RelationModel.class.php 第 186 行.
NOTIC: [8] Undefined index: mapping_limit H:\www\tk-xm\usaedu\ThinkPHP\Library\Think\Model\RelationModel.class.php 第 187 行.
SQL: SELECT b.* FROM tp_auth_group_access AS a, tp_auth_group AS b WHERE a.group_id = b.id AND a. uid='2' [ RunTime:0.000186s ]
SQL: DESCRIBE tp_auth_group [ RunTime:0.002028s ]
SQL: SELECT * FROM `tp_auth_group`  [ RunTime:0.000161s ]
SQL: DESCRIBE tp_auth_rule [ RunTime:0.001974s ]
SQL: SELECT * FROM `tp_auth_rule` WHERE `id` IN ('3','4','5','6','8','9','11','12','13','14','15','16','1','2','7','10','17','18','19','20')  [ RunTime:0.000156s ]
SQL: SELECT * FROM `tp_auth_rule` WHERE `id` IN ('')  [ RunTime:0.000140s ]
SQL: SELECT * FROM `tp_auth_rule`  [ RunTime:0.000127s ]
INFO: [ view_parse ] --START--
INFO: [ template_filter ] --START--
INFO: Run Behavior\ContentReplaceBehavior [ RunTime:0.000149s ]
INFO: [ template_filter ] --END-- [ RunTime:0.000238s ]
NOTIC: [8] Undefined variable: meta_title H:\www\tk-xm\usaedu\Apps\Runtime\Cache\Admin\a92f1d2922506e26adc7a8e5abe56037.php 第 5 行.
NOTIC: [8] Use of undefined constant id - assumed 'id' H:\www\tk-xm\usaedu\Apps\Runtime\Cache\Admin\a92f1d2922506e26adc7a8e5abe56037.php 第 299 行.
NOTIC: [2] in_array() expects parameter 2 to be array, null given H:\www\tk-xm\usaedu\Apps\Runtime\Cache\Admin\a92f1d2922506e26adc7a8e5abe56037.php 第 299 行.
NOTIC: [8] Use of undefined constant lock - assumed 'lock' H:\www\tk-xm\usaedu\Apps\Runtime\Cache\Admin\a92f1d2922506e26adc7a8e5abe56037.php 第 315 行.
NOTIC: [8] Use of undefined constant id - assumed 'id' H:\www\tk-xm\usaedu\Apps\Runtime\Cache\Admin\a92f1d2922506e26adc7a8e5abe56037.php 第 299 行.
NOTIC: [2] in_array() expects parameter 2 to be array, null given H:\www\tk-xm\usaedu\Apps\Runtime\Cache\Admin\a92f1d2922506e26adc7a8e5abe56037.php 第 299 行.
NOTIC: [8] Use of undefined constant lock - assumed 'lock' H:\www\tk-xm\usaedu\Apps\Runtime\Cache\Admin\a92f1d2922506e26adc7a8e5abe56037.php 第 315 行.
INFO: Run Behavior\ParseTemplateBehavior [ RunTime:0.017413s ]
INFO: [ view_parse ] --END-- [ RunTime:0.017503s ]
INFO: [ view_filter ] --START--
INFO: Run Behavior\WriteHtmlCacheBehavior [ RunTime:0.000285s ]
INFO: [ view_filter ] --END-- [ RunTime:0.000366s ]
INFO: [ app_end ] --START--
INFO: Run Behavior\ShowPageTraceBehavior [ RunTime:0.000342s ]
INFO: [ app_end ] --END-- [ RunTime:0.000425s ]

[ 2014-11-26T09:24:11+08:00 ] ::1 /tk-xm/usaedu/admin.php/User/index.html
INFO: [ app_init ] --START--
INFO: Run Behavior\BuildLiteBehavior [ RunTime:0.000021s ]
INFO: [ app_init ] --END-- [ RunTime:0.000335s ]
INFO: [ app_begin ] --START--
INFO: Run Behavior\ReadHtmlCacheBehavior [ RunTime:0.000350s ]
INFO: [ app_begin ] --END-- [ RunTime:0.000453s ]
SQL: DESCRIBE tp_user [ RunTime:0.002768s ]
SQL: SELECT `id`,`username`,`login_time`,`login_ip`,`lock`,`login_num`,`rsgtime` FROM `tp_user`  [ RunTime:0.000177s ]
SQL: DESCRIBE tp_auth_group [ RunTime:0.002149s ]
NOTIC: [8] Undefined index: mapping_order H:\www\tk-xm\usaedu\ThinkPHP\Library\Think\Model\RelationModel.class.php 第 186 行.
NOTIC: [8] Undefined index: mapping_limit H:\www\tk-xm\usaedu\ThinkPHP\Library\Think\Model\RelationModel.class.php 第 187 行.
SQL: SELECT b.* FROM tp_auth_group_access AS a, tp_auth_group AS b WHERE a.group_id = b.id AND a. uid='1' [ RunTime:0.000230s ]
NOTIC: [8] Undefined index: mapping_order H:\www\tk-xm\usaedu\ThinkPHP\Library\Think\Model\RelationModel.class.php 第 186 行.
NOTIC: [8] Undefined index: mapping_limit H:\www\tk-xm\usaedu\ThinkPHP\Library\Think\Model\RelationModel.class.php 第 187 行.
SQL: SELECT b.* FROM tp_auth_group_access AS a, tp_auth_group AS b WHERE a.group_id = b.id AND a. uid='2' [ RunTime:0.000190s ]
SQL: DESCRIBE tp_auth_group [ RunTime:0.002143s ]
SQL: SELECT * FROM `tp_auth_group`  [ RunTime:0.000191s ]
SQL: DESCRIBE tp_auth_rule [ RunTime:0.002009s ]
SQL: SELECT * FROM `tp_auth_rule` WHERE `id` IN ('3','4','5','6','8','9','11','12','13','14','15','16','1','2','7','10','17','18','19','20')  [ RunTime:0.000191s ]
SQL: SELECT * FROM `tp_auth_rule` WHERE `id` IN ('')  [ RunTime:0.000141s ]
SQL: SELECT * FROM `tp_auth_rule`  [ RunTime:0.000124s ]
INFO: [ view_parse ] --START--
INFO: [ template_filter ] --START--
INFO: Run Behavior\ContentReplaceBehavior [ RunTime:0.000152s ]
INFO: [ template_filter ] --END-- [ RunTime:0.000240s ]
NOTIC: [8] Undefined variable: meta_title H:\www\tk-xm\usaedu\Apps\Runtime\Cache\Admin\a92f1d2922506e26adc7a8e5abe56037.php 第 5 行.
NOTIC: [8] Use of undefined constant id - assumed 'id' H:\www\tk-xm\usaedu\Apps\Runtime\Cache\Admin\a92f1d2922506e26adc7a8e5abe56037.php 第 299 行.
NOTIC: [2] in_array() expects parameter 2 to be array, null given H:\www\tk-xm\usaedu\Apps\Runtime\Cache\Admin\a92f1d2922506e26adc7a8e5abe56037.php 第 299 行.
NOTIC: [8] Use of undefined constant lock - assumed 'lock' H:\www\tk-xm\usaedu\Apps\Runtime\Cache\Admin\a92f1d2922506e26adc7a8e5abe56037.php 第 315 行.
NOTIC: [8] Use of undefined constant id - assumed 'id' H:\www\tk-xm\usaedu\Apps\Runtime\Cache\Admin\a92f1d2922506e26adc7a8e5abe56037.php 第 299 行.
NOTIC: [2] in_array() expects parameter 2 to be array, null given H:\www\tk-xm\usaedu\Apps\Runtime\Cache\Admin\a92f1d2922506e26adc7a8e5abe56037.php 第 299 行.
NOTIC: [8] Use of undefined constant lock - assumed 'lock' H:\www\tk-xm\usaedu\Apps\Runtime\Cache\Admin\a92f1d2922506e26adc7a8e5abe56037.php 第 315 行.
INFO: Run Behavior\ParseTemplateBehavior [ RunTime:0.011191s ]
INFO: [ view_parse ] --END-- [ RunTime:0.011308s ]
INFO: [ view_filter ] --START--
INFO: Run Behavior\WriteHtmlCacheBehavior [ RunTime:0.000241s ]
INFO: [ view_filter ] --END-- [ RunTime:0.000351s ]
INFO: [ app_end ] --START--
INFO: Run Behavior\ShowPageTraceBehavior [ RunTime:0.000507s ]
INFO: [ app_end ] --END-- [ RunTime:0.000620s ]

[ 2014-11-26T09:24:11+08:00 ] ::1 /tk-xm/usaedu/admin.php/User/index.html
INFO: [ app_init ] --START--
INFO: Run Behavior\BuildLiteBehavior [ RunTime:0.000024s ]
INFO: [ app_init ] --END-- [ RunTime:0.000354s ]
INFO: [ app_begin ] --START--
INFO: Run Behavior\ReadHtmlCacheBehavior [ RunTime:0.000378s ]
INFO: [ app_begin ] --END-- [ RunTime:0.000488s ]
SQL: DESCRIBE tp_user [ RunTime:0.002359s ]
SQL: SELECT `id`,`username`,`login_time`,`login_ip`,`lock`,`login_num`,`rsgtime` FROM `tp_user`  [ RunTime:0.000184s ]
SQL: DESCRIBE tp_auth_group [ RunTime:0.003147s ]
NOTIC: [8] Undefined index: mapping_order H:\www\tk-xm\usaedu\ThinkPHP\Library\Think\Model\RelationModel.class.php 第 186 行.
NOTIC: [8] Undefined index: mapping_limit H:\www\tk-xm\usaedu\ThinkPHP\Library\Think\Model\RelationModel.class.php 第 187 行.
SQL: SELECT b.* FROM tp_auth_group_access AS a, tp_auth_group AS b WHERE a.group_id = b.id AND a. uid='1' [ RunTime:0.000197s ]
NOTIC: [8] Undefined index: mapping_order H:\www\tk-xm\usaedu\ThinkPHP\Library\Think\Model\RelationModel.class.php 第 186 行.
NOTIC: [8] Undefined index: mapping_limit H:\www\tk-xm\usaedu\ThinkPHP\Library\Think\Model\RelationModel.class.php 第 187 行.
SQL: SELECT b.* FROM tp_auth_group_access AS a, tp_auth_group AS b WHERE a.group_id = b.id AND a. uid='2' [ RunTime:0.000153s ]
SQL: DESCRIBE tp_auth_group [ RunTime:0.001993s ]
SQL: SELECT * FROM `tp_auth_group`  [ RunTime:0.000144s ]
SQL: DESCRIBE tp_auth_rule [ RunTime:0.002113s ]
SQL: SELECT * FROM `tp_auth_rule` WHERE `id` IN ('3','4','5','6','8','9','11','12','13','14','15','16','1','2','7','10','17','18','19','20')  [ RunTime:0.000188s ]
SQL: SELECT * FROM `tp_auth_rule` WHERE `id` IN ('')  [ RunTime:0.000178s ]
SQL: SELECT * FROM `tp_auth_rule`  [ RunTime:0.000138s ]
INFO: [ view_parse ] --START--
INFO: [ template_filter ] --START--
INFO: Run Behavior\ContentReplaceBehavior [ RunTime:0.000150s ]
INFO: [ template_filter ] --END-- [ RunTime:0.000233s ]
NOTIC: [8] Undefined variable: meta_title H:\www\tk-xm\usaedu\Apps\Runtime\Cache\Admin\a92f1d2922506e26adc7a8e5abe56037.php 第 5 行.
NOTIC: [8] Use of undefined constant id - assumed 'id' H:\www\tk-xm\usaedu\Apps\Runtime\Cache\Admin\a92f1d2922506e26adc7a8e5abe56037.php 第 299 行.
NOTIC: [2] in_array() expects parameter 2 to be array, null given H:\www\tk-xm\usaedu\Apps\Runtime\Cache\Admin\a92f1d2922506e26adc7a8e5abe56037.php 第 299 行.
NOTIC: [8] Use of undefined constant lock - assumed 'lock' H:\www\tk-xm\usaedu\Apps\Runtime\Cache\Admin\a92f1d2922506e26adc7a8e5abe56037.php 第 315 行.
NOTIC: [8] Use of undefined constant id - assumed 'id' H:\www\tk-xm\usaedu\Apps\Runtime\Cache\Admin\a92f1d2922506e26adc7a8e5abe56037.php 第 299 行.
NOTIC: [2] in_array() expects parameter 2 to be array, null given H:\www\tk-xm\usaedu\Apps\Runtime\Cache\Admin\a92f1d2922506e26adc7a8e5abe56037.php 第 299 行.
NOTIC: [8] Use of undefined constant lock - assumed 'lock' H:\www\tk-xm\usaedu\Apps\Runtime\Cache\Admin\a92f1d2922506e26adc7a8e5abe56037.php 第 315 行.
INFO: Run Behavior\ParseTemplateBehavior [ RunTime:0.010815s ]
INFO: [ view_parse ] --END-- [ RunTime:0.010899s ]
INFO: [ view_filter ] --START--
INFO: Run Behavior\WriteHtmlCacheBehavior [ RunTime:0.000254s ]
INFO: [ view_filter ] --END-- [ RunTime:0.000355s ]
INFO: [ app_end ] --START--
INFO: Run Behavior\ShowPageTraceBehavior [ RunTime:0.000418s ]
INFO: [ app_end ] --END-- [ RunTime:0.000545s ]

[ 2014-11-26T09:24:56+08:00 ] ::1 /tk-xm/usaedu/admin.php/User/index.html
INFO: [ app_init ] --START--
INFO: Run Behavior\BuildLiteBehavior [ RunTime:0.000058s ]
INFO: [ app_init ] --END-- [ RunTime:0.000974s ]
INFO: [ app_begin ] --START--
INFO: Run Behavior\ReadHtmlCacheBehavior [ RunTime:0.001016s ]
INFO: [ app_begin ] --END-- [ RunTime:0.001353s ]
SQL: DESCRIBE tp_user [ RunTime:0.003809s ]
SQL: SELECT `id`,`username`,`login_time`,`login_ip`,`lock`,`login_num`,`rsgtime` FROM `tp_user`  [ RunTime:0.000357s ]
SQL: DESCRIBE tp_auth_group [ RunTime:0.003546s ]
NOTIC: [8] Undefined index: mapping_order H:\www\tk-xm\usaedu\ThinkPHP\Library\Think\Model\RelationModel.class.php 第 186 行.
NOTIC: [8] Undefined index: mapping_limit H:\www\tk-xm\usaedu\ThinkPHP\Library\Think\Model\RelationModel.class.php 第 187 行.
SQL: SELECT b.* FROM tp_auth_group_access AS a, tp_auth_group AS b WHERE a.group_id = b.id AND a. uid='1' [ RunTime:0.000312s ]
NOTIC: [8] Undefined index: mapping_order H:\www\tk-xm\usaedu\ThinkPHP\Library\Think\Model\RelationModel.class.php 第 186 行.
NOTIC: [8] Undefined index: mapping_limit H:\www\tk-xm\usaedu\ThinkPHP\Library\Think\Model\RelationModel.class.php 第 187 行.
SQL: SELECT b.* FROM tp_auth_group_access AS a, tp_auth_group AS b WHERE a.group_id = b.id AND a. uid='2' [ RunTime:0.000251s ]
SQL: DESCRIBE tp_auth_group [ RunTime:0.003288s ]
SQL: SELECT * FROM `tp_auth_group`  [ RunTime:0.000267s ]
SQL: DESCRIBE tp_auth_rule [ RunTime:0.003326s ]
SQL: SELECT * FROM `tp_auth_rule` WHERE `id` IN ('3','4','5','6','8','9','11','12','13','14','15','16','1','2','7','10','17','18','19','20')  [ RunTime:0.000281s ]
SQL: SELECT * FROM `tp_auth_rule` WHERE `id` IN ('')  [ RunTime:0.000255s ]
SQL: SELECT * FROM `tp_auth_rule`  [ RunTime:0.000233s ]
INFO: [ view_parse ] --START--
INFO: [ template_filter ] --START--
INFO: Run Behavior\ContentReplaceBehavior [ RunTime:0.000264s ]
INFO: [ template_filter ] --END-- [ RunTime:0.000414s ]
NOTIC: [8] Undefined variable: meta_title H:\www\tk-xm\usaedu\Apps\Runtime\Cache\Admin\a92f1d2922506e26adc7a8e5abe56037.php 第 5 行.
NOTIC: [8] Use of undefined constant id - assumed 'id' H:\www\tk-xm\usaedu\Apps\Runtime\Cache\Admin\a92f1d2922506e26adc7a8e5abe56037.php 第 299 行.
NOTIC: [8] Use of undefined constant id - assumed 'id' H:\www\tk-xm\usaedu\Apps\Runtime\Cache\Admin\a92f1d2922506e26adc7a8e5abe56037.php 第 299 行.
NOTIC: [8] Use of undefined constant lock - assumed 'lock' H:\www\tk-xm\usaedu\Apps\Runtime\Cache\Admin\a92f1d2922506e26adc7a8e5abe56037.php 第 315 行.
INFO: Run Behavior\ParseTemplateBehavior [ RunTime:0.018142s ]
INFO: [ view_parse ] --END-- [ RunTime:0.018287s ]
INFO: [ view_filter ] --START--
INFO: Run Behavior\WriteHtmlCacheBehavior [ RunTime:0.000355s ]
INFO: [ view_filter ] --END-- [ RunTime:0.000497s ]
INFO: [ app_end ] --START--
INFO: Run Behavior\ShowPageTraceBehavior [ RunTime:0.000589s ]
INFO: [ app_end ] --END-- [ RunTime:0.000737s ]

[ 2014-11-26T09:24:57+08:00 ] ::1 /tk-xm/usaedu/admin.php/User/index.html
INFO: [ app_init ] --START--
INFO: Run Behavior\BuildLiteBehavior [ RunTime:0.000041s ]
INFO: [ app_init ] --END-- [ RunTime:0.000690s ]
INFO: [ app_begin ] --START--
INFO: Run Behavior\ReadHtmlCacheBehavior [ RunTime:0.000707s ]
INFO: [ app_begin ] --END-- [ RunTime:0.000897s ]
SQL: DESCRIBE tp_user [ RunTime:0.004503s ]
SQL: SELECT `id`,`username`,`login_time`,`login_ip`,`lock`,`login_num`,`rsgtime` FROM `tp_user`  [ RunTime:0.000294s ]
SQL: DESCRIBE tp_auth_group [ RunTime:0.002249s ]
NOTIC: [8] Undefined index: mapping_order H:\www\tk-xm\usaedu\ThinkPHP\Library\Think\Model\RelationModel.class.php 第 186 行.
NOTIC: [8] Undefined index: mapping_limit H:\www\tk-xm\usaedu\ThinkPHP\Library\Think\Model\RelationModel.class.php 第 187 行.
SQL: SELECT b.* FROM tp_auth_group_access AS a, tp_auth_group AS b WHERE a.group_id = b.id AND a. uid='1' [ RunTime:0.000224s ]
NOTIC: [8] Undefined index: mapping_order H:\www\tk-xm\usaedu\ThinkPHP\Library\Think\Model\RelationModel.class.php 第 186 行.
NOTIC: [8] Undefined index: mapping_limit H:\www\tk-xm\usaedu\ThinkPHP\Library\Think\Model\RelationModel.class.php 第 187 行.
SQL: SELECT b.* FROM tp_auth_group_access AS a, tp_auth_group AS b WHERE a.group_id = b.id AND a. uid='2' [ RunTime:0.000174s ]
SQL: DESCRIBE tp_auth_group [ RunTime:0.002094s ]
SQL: SELECT * FROM `tp_auth_group`  [ RunTime:0.000146s ]
SQL: DESCRIBE tp_auth_rule [ RunTime:0.002115s ]
SQL: SELECT * FROM `tp_auth_rule` WHERE `id` IN ('3','4','5','6','8','9','11','12','13','14','15','16','1','2','7','10','17','18','19','20')  [ RunTime:0.000166s ]
SQL: SELECT * FROM `tp_auth_rule` WHERE `id` IN ('')  [ RunTime:0.000152s ]
SQL: SELECT * FROM `tp_auth_rule`  [ RunTime:0.000136s ]
INFO: [ view_parse ] --START--
INFO: [ template_filter ] --START--
INFO: Run Behavior\ContentReplaceBehavior [ RunTime:0.000172s ]
INFO: [ template_filter ] --END-- [ RunTime:0.000270s ]
NOTIC: [8] Undefined variable: meta_title H:\www\tk-xm\usaedu\Apps\Runtime\Cache\Admin\a92f1d2922506e26adc7a8e5abe56037.php 第 5 行.
NOTIC: [8] Use of undefined constant id - assumed 'id' H:\www\tk-xm\usaedu\Apps\Runtime\Cache\Admin\a92f1d2922506e26adc7a8e5abe56037.php 第 299 行.
NOTIC: [8] Use of undefined constant id - assumed 'id' H:\www\tk-xm\usaedu\Apps\Runtime\Cache\Admin\a92f1d2922506e26adc7a8e5abe56037.php 第 299 行.
NOTIC: [8] Use of undefined constant lock - assumed 'lock' H:\www\tk-xm\usaedu\Apps\Runtime\Cache\Admin\a92f1d2922506e26adc7a8e5abe56037.php 第 315 行.
INFO: Run Behavior\ParseTemplateBehavior [ RunTime:0.011740s ]
INFO: [ view_parse ] --END-- [ RunTime:0.011832s ]
INFO: [ view_filter ] --START--
INFO: Run Behavior\WriteHtmlCacheBehavior [ RunTime:0.000211s ]
INFO: [ view_filter ] --END-- [ RunTime:0.000298s ]
INFO: [ app_end ] --START--
INFO: Run Behavior\ShowPageTraceBehavior [ RunTime:0.000390s ]
INFO: [ app_end ] --END-- [ RunTime:0.000484s ]

[ 2014-11-26T09:24:59+08:00 ] ::1 /tk-xm/usaedu/admin.php/User/groupList.html
INFO: [ app_init ] --START--
INFO: Run Behavior\BuildLiteBehavior [ RunTime:0.000021s ]
INFO: [ app_init ] --END-- [ RunTime:0.000333s ]
INFO: [ app_begin ] --START--
INFO: Run Behavior\ReadHtmlCacheBehavior [ RunTime:0.000348s ]
INFO: [ app_begin ] --END-- [ RunTime:0.000448s ]
SQL: DESCRIBE tp_auth_group [ RunTime:0.002418s ]
SQL: SELECT COUNT(*) AS tp_count FROM `tp_auth_group` LIMIT 1   [ RunTime:0.000158s ]
SQL: SELECT * FROM `tp_auth_group` ORDER BY id asc LIMIT 0,10   [ RunTime:0.000199s ]
SQL: DESCRIBE tp_auth_rule [ RunTime:0.003283s ]
SQL: SELECT * FROM `tp_auth_rule` WHERE `id` IN ('3','4','5','6','8','9','11','12','13','14','15','16','1','2','7','10','17','18','19','20')  [ RunTime:0.000167s ]
SQL: SELECT * FROM `tp_auth_rule` WHERE `id` IN ('')  [ RunTime:0.000139s ]
INFO: [ view_parse ] --START--
INFO: [ template_filter ] --START--
INFO: Run Behavior\ContentReplaceBehavior [ RunTime:0.000163s ]
INFO: [ template_filter ] --END-- [ RunTime:0.000251s ]
NOTIC: [8] Undefined variable: meta_title H:\www\tk-xm\usaedu\Apps\Runtime\Cache\Admin\73f28b713f4988eb005abdaee005aea3.php 第 5 行.
NOTIC: [8] Use of undefined constant status - assumed 'status' H:\www\tk-xm\usaedu\Apps\Runtime\Cache\Admin\73f28b713f4988eb005abdaee005aea3.php 第 307 行.
NOTIC: [8] Use of undefined constant status - assumed 'status' H:\www\tk-xm\usaedu\Apps\Runtime\Cache\Admin\73f28b713f4988eb005abdaee005aea3.php 第 307 行.
INFO: Run Behavior\ParseTemplateBehavior [ RunTime:0.009413s ]
INFO: [ view_parse ] --END-- [ RunTime:0.009500s ]
INFO: [ view_filter ] --START--
INFO: Run Behavior\WriteHtmlCacheBehavior [ RunTime:0.000273s ]
INFO: [ view_filter ] --END-- [ RunTime:0.000358s ]
INFO: [ app_end ] --START--
INFO: Run Behavior\ShowPageTraceBehavior [ RunTime:0.000378s ]
INFO: [ app_end ] --END-- [ RunTime:0.000467s ]

[ 2014-11-26T09:25:00+08:00 ] ::1 /tk-xm/usaedu/admin.php/User/index.html
INFO: [ app_init ] --START--
INFO: Run Behavior\BuildLiteBehavior [ RunTime:0.000020s ]
INFO: [ app_init ] --END-- [ RunTime:0.000342s ]
INFO: [ app_begin ] --START--
INFO: Run Behavior\ReadHtmlCacheBehavior [ RunTime:0.000392s ]
INFO: [ app_begin ] --END-- [ RunTime:0.000495s ]
SQL: DESCRIBE tp_user [ RunTime:0.002345s ]
SQL: SELECT `id`,`username`,`login_time`,`login_ip`,`lock`,`login_num`,`rsgtime` FROM `tp_user`  [ RunTime:0.000176s ]
SQL: DESCRIBE tp_auth_group [ RunTime:0.003148s ]
NOTIC: [8] Undefined index: mapping_order H:\www\tk-xm\usaedu\ThinkPHP\Library\Think\Model\RelationModel.class.php 第 186 行.
NOTIC: [8] Undefined index: mapping_limit H:\www\tk-xm\usaedu\ThinkPHP\Library\Think\Model\RelationModel.class.php 第 187 行.
SQL: SELECT b.* FROM tp_auth_group_access AS a, tp_auth_group AS b WHERE a.group_id = b.id AND a. uid='1' [ RunTime:0.000210s ]
NOTIC: [8] Undefined index: mapping_order H:\www\tk-xm\usaedu\ThinkPHP\Library\Think\Model\RelationModel.class.php 第 186 行.
NOTIC: [8] Undefined index: mapping_limit H:\www\tk-xm\usaedu\ThinkPHP\Library\Think\Model\RelationModel.class.php 第 187 行.
SQL: SELECT b.* FROM tp_auth_group_access AS a, tp_auth_group AS b WHERE a.group_id = b.id AND a. uid='2' [ RunTime:0.000179s ]
SQL: DESCRIBE tp_auth_group [ RunTime:0.001965s ]
SQL: SELECT * FROM `tp_auth_group`  [ RunTime:0.000148s ]
SQL: DESCRIBE tp_auth_rule [ RunTime:0.002054s ]
SQL: SELECT * FROM `tp_auth_rule` WHERE `id` IN ('3','4','5','6','8','9','11','12','13','14','15','16','1','2','7','10','17','18','19','20')  [ RunTime:0.000170s ]
SQL: SELECT * FROM `tp_auth_rule` WHERE `id` IN ('')  [ RunTime:0.000139s ]
SQL: SELECT * FROM `tp_auth_rule`  [ RunTime:0.000126s ]
INFO: [ view_parse ] --START--
INFO: [ template_filter ] --START--
INFO: Run Behavior\ContentReplaceBehavior [ RunTime:0.000174s ]
INFO: [ template_filter ] --END-- [ RunTime:0.000272s ]
NOTIC: [8] Undefined variable: meta_title H:\www\tk-xm\usaedu\Apps\Runtime\Cache\Admin\a92f1d2922506e26adc7a8e5abe56037.php 第 5 行.
NOTIC: [8] Use of undefined constant id - assumed 'id' H:\www\tk-xm\usaedu\Apps\Runtime\Cache\Admin\a92f1d2922506e26adc7a8e5abe56037.php 第 299 行.
NOTIC: [8] Use of undefined constant id - assumed 'id' H:\www\tk-xm\usaedu\Apps\Runtime\Cache\Admin\a92f1d2922506e26adc7a8e5abe56037.php 第 299 行.
NOTIC: [8] Use of undefined constant lock - assumed 'lock' H:\www\tk-xm\usaedu\Apps\Runtime\Cache\Admin\a92f1d2922506e26adc7a8e5abe56037.php 第 315 行.
INFO: Run Behavior\ParseTemplateBehavior [ RunTime:0.011170s ]
INFO: [ view_parse ] --END-- [ RunTime:0.011259s ]
INFO: [ view_filter ] --START--
INFO: Run Behavior\WriteHtmlCacheBehavior [ RunTime:0.000277s ]
INFO: [ view_filter ] --END-- [ RunTime:0.000365s ]
INFO: [ app_end ] --START--
INFO: Run Behavior\ShowPageTraceBehavior [ RunTime:0.000369s ]
INFO: [ app_end ] --END-- [ RunTime:0.000458s ]

[ 2014-11-26T09:25:10+08:00 ] ::1 /tk-xm/usaedu/admin.php/User/groupList.html
INFO: [ app_init ] --START--
INFO: Run Behavior\BuildLiteBehavior [ RunTime:0.000020s ]
INFO: [ app_init ] --END-- [ RunTime:0.000319s ]
INFO: [ app_begin ] --START--
INFO: Run Behavior\ReadHtmlCacheBehavior [ RunTime:0.000339s ]
INFO: [ app_begin ] --END-- [ RunTime:0.000435s ]
SQL: DESCRIBE tp_auth_group [ RunTime:0.002456s ]
SQL: SELECT COUNT(*) AS tp_count FROM `tp_auth_group` LIMIT 1   [ RunTime:0.000153s ]
SQL: SELECT * FROM `tp_auth_group` ORDER BY id asc LIMIT 0,10   [ RunTime:0.000175s ]
SQL: DESCRIBE tp_auth_rule [ RunTime:0.002047s ]
SQL: SELECT * FROM `tp_auth_rule` WHERE `id` IN ('3','4','5','6','8','9','11','12','13','14','15','16','1','2','7','10','17','18','19','20')  [ RunTime:0.000239s ]
SQL: SELECT * FROM `tp_auth_rule` WHERE `id` IN ('')  [ RunTime:0.000121s ]
INFO: [ view_parse ] --START--
INFO: [ template_filter ] --START--
INFO: Run Behavior\ContentReplaceBehavior [ RunTime:0.000145s ]
INFO: [ template_filter ] --END-- [ RunTime:0.000226s ]
NOTIC: [8] Undefined variable: meta_title H:\www\tk-xm\usaedu\Apps\Runtime\Cache\Admin\73f28b713f4988eb005abdaee005aea3.php 第 5 行.
NOTIC: [8] Use of undefined constant status - assumed 'status' H:\www\tk-xm\usaedu\Apps\Runtime\Cache\Admin\73f28b713f4988eb005abdaee005aea3.php 第 307 行.
NOTIC: [8] Use of undefined constant status - assumed 'status' H:\www\tk-xm\usaedu\Apps\Runtime\Cache\Admin\73f28b713f4988eb005abdaee005aea3.php 第 307 行.
INFO: Run Behavior\ParseTemplateBehavior [ RunTime:0.008778s ]
INFO: [ view_parse ] --END-- [ RunTime:0.008862s ]
INFO: [ view_filter ] --START--
INFO: Run Behavior\WriteHtmlCacheBehavior [ RunTime:0.000186s ]
INFO: [ view_filter ] --END-- [ RunTime:0.000262s ]
INFO: [ app_end ] --START--
INFO: Run Behavior\ShowPageTraceBehavior [ RunTime:0.000326s ]
INFO: [ app_end ] --END-- [ RunTime:0.000408s ]

